<?xml version="1.0" encoding="UTF-8"?>
<!-- Generated by org.testng.reporters.JUnitXMLReporter -->
<testsuite ignored="2" hostname="LTIN297359" failures="0" tests="2" name="ChromeTest" time="29.159" errors="0" timestamp="2024-06-03T13:27:59 IST">
  <testcase classname="TestCase.TestCase001ClickOnBikes" name="clickmobiles" time="12.962"/>
  <testcase classname="TestCase.TestCase002GetDetails" name="ipaddetails" time="7.841"/>
  <testcase classname="TestBase.BaseClass" name="@AfterTest tearDown" time="0.0">
    <ignored/>
  </testcase> <!-- @AfterTest tearDown -->
  <testcase classname="TestBase.BaseClass" name="@BeforeTest invokeBrowser" time="0.0">
    <ignored/>
  </testcase> <!-- @BeforeTest invokeBrowser -->
</testsuite> <!-- ChromeTest -->
