<?xml version="1.0" encoding="UTF-8"?>
<testng-results ignored="0" total="2" passed="2" failed="0" skipped="0">
  <reporter-output>
  </reporter-output>
  <suite started-at="2024-06-03T13:27:29 IST" name="Suite" finished-at="2024-06-03T13:27:59 IST" duration-ms="29159">
    <groups>
    </groups>
    <test started-at="2024-06-03T13:27:29 IST" name="ChromeTest" finished-at="2024-06-03T13:27:59 IST" duration-ms="29159">
      <class name="TestCase.TestCase002GetDetails">
        <test-method signature="ipaddetails()[pri:0, instance:TestCase.TestCase002GetDetails@368247b9]" started-at="2024-06-03T13:27:50 IST" name="ipaddetails" finished-at="2024-06-03T13:27:57 IST" duration-ms="7841" status="PASS">
          <reporter-output>
          </reporter-output>
        </test-method> <!-- ipaddetails -->
      </class> <!-- TestCase.TestCase002GetDetails -->
      <class name="TestCase.TestCase001ClickOnBikes">
        <test-method is-config="true" signature="invokeBrowser(java.lang.String,java.lang.String)[pri:0, instance:TestCase.TestCase001ClickOnBikes@45099dd3]" started-at="2024-06-03T13:27:29 IST" name="invokeBrowser" finished-at="2024-06-03T13:27:37 IST" duration-ms="7165" status="PASS">
          <params>
            <param index="0">
              <value>
                <![CDATA[Windows]]>
              </value>
            </param>
            <param index="1">
              <value>
                <![CDATA[chrome]]>
              </value>
            </param>
          </params>
          <reporter-output>
          </reporter-output>
        </test-method> <!-- invokeBrowser -->
        <test-method signature="clickmobiles()[pri:0, instance:TestCase.TestCase001ClickOnBikes@45099dd3]" started-at="2024-06-03T13:27:37 IST" name="clickmobiles" finished-at="2024-06-03T13:27:50 IST" duration-ms="12962" status="PASS">
          <reporter-output>
          </reporter-output>
        </test-method> <!-- clickmobiles -->
        <test-method is-config="true" signature="tearDown()[pri:0, instance:TestCase.TestCase001ClickOnBikes@45099dd3]" started-at="2024-06-03T13:27:57 IST" name="tearDown" finished-at="2024-06-03T13:27:59 IST" duration-ms="1127" status="PASS">
          <reporter-output>
          </reporter-output>
        </test-method> <!-- tearDown -->
      </class> <!-- TestCase.TestCase001ClickOnBikes -->
    </test> <!-- ChromeTest -->
  </suite> <!-- Suite -->
</testng-results>
